<html>
<head>
<title>TestNG:  Default test</title>
<link href="../testng.css" rel="stylesheet" type="text/css" />
<link href="../my-testng.css" rel="stylesheet" type="text/css" />

<style type="text/css">
.log { display: none;} 
.stack-trace { display: none;} 
</style>
<script type="text/javascript">
<!--
function flip(e) {
  current = e.style.display;
  if (current == 'block') {
    e.style.display = 'none';
    return 0;
  }
  else {
    e.style.display = 'block';
    return 1;
  }
}

function toggleBox(szDivId, elem, msg1, msg2)
{
  var res = -1;  if (document.getElementById) {
    res = flip(document.getElementById(szDivId));
  }
  else if (document.all) {
    // this is the way old msie versions work
    res = flip(document.all[szDivId]);
  }
  if(elem) {
    if(res == 0) elem.innerHTML = msg1; else elem.innerHTML = msg2;
  }

}

function toggleAllBoxes() {
  if (document.getElementsByTagName) {
    d = document.getElementsByTagName('div');
    for (i = 0; i < d.length; i++) {
      if (d[i].className == 'log') {
        flip(d[i]);
      }
    }
  }
}

// -->
</script>

</head>
<body>
<h2 align='center'>Default test</h2><table border='1' align="center">
<tr>
<td>Tests passed/Failed/Skipped:</td><td>0/1/0</td>
</tr><tr>
<td>Started on:</td><td>Sat Dec 30 14:42:21 EST 2023</td>
</tr>
<tr><td>Total time:</td><td>113 seconds (113826 ms)</td>
</tr><tr>
<td>Included groups:</td><td></td>
</tr><tr>
<td>Excluded groups:</td><td></td>
</tr>
</table><p/>
<small><i>(Hover the method name to see the test class name)</i></small><p/>
<table width='100%' border='1' class='invocation-failed'>
<tr><td colspan='4' align='center'><b>FAILED TESTS</b></td></tr>
<tr><td><b>Test method</b></td>
<td><b>Attribute(s)</b></td>
<td width="30%"><b>Exception</b></td>
<td width="10%"><b>Time (seconds)</b></td>
<td><b>Instance</b></td>
</tr>
<tr>
<td title='pages.HomeLoansTest.homeLoanValidationTest()'><b>homeLoanValidationTest</b><br>Test class: pages.HomeLoansTest<br/>
<a href="#Output-1907178890" onClick='toggleBox("Output-1907178890", this, "Show output", "Hide output");'>Show output</a>

<a href="#Output-1907178890" onClick="toggleAllBoxes();">Show all outputs</a>
<div class='log' id="Output-1907178890">
[[ChromeDriver: chrome on windows (669ffae7cc0ba6c38c0883c85f2ae018)] -> xpath: //span[text()='Home Loans']//parent::a[@id='navHomeLoans']]<---------> has been clicked<br><br/>
[[ChromeDriver: chrome on windows (669ffae7cc0ba6c38c0883c85f2ae018)] -> xpath: //span[text()='Explore home loans']] ---> Actual text : Explore home loans. Expected text : Explore home loans<br><br/>
[[ChromeDriver: chrome on windows (669ffae7cc0ba6c38c0883c85f2ae018)] -> link text: Mortgage]<---------> has been clicked<br><br/>
Current URL is : https://www.bankofamerica.com/mortgage/home-mortgage/<br><br/>
Sleeping ... zZz 3<br><br/>
[[ChromeDriver: chrome on windows (669ffae7cc0ba6c38c0883c85f2ae018)] -> id: applyNow]<---------> is Displayed, true<br><br/>
Proxy element for: DefaultElementLocator 'By.id: applyNow'<---------> has been clicked<br><br/>
Current URL is : https://secure.bankofamerica.com/digital-mortgage-application/landing/#landing<br><br/>
Sleeping ... zZz 3<br><br/>
[[ChromeDriver: chrome on windows (669ffae7cc0ba6c38c0883c85f2ae018)] -> id: dmaFlowButton]<---------> is Displayed, true<br><br/>
Proxy element for: DefaultElementLocator 'By.id: dmaFlowButton'<---------> has been clicked<br><br/>
Sleeping ... zZz 3<br><br/>
Current URL is : https://secure.bankofamerica.com/digital-mortgage-application/mortgage/#purchase-gating-question<br><br/>
[[ChromeDriver: chrome on windows (669ffae7cc0ba6c38c0883c85f2ae018)] -> id: propertyContractYes]<---------> has been clicked<br><br/>
Sleeping ... zZz 3<br><br/>
[[ChromeDriver: chrome on windows (669ffae7cc0ba6c38c0883c85f2ae018)] -> id: isBofaCustomer-no]<---------> has been clicked<br><br/>
Sleeping ... zZz 3<br><br/>
[[ChromeDriver: chrome on windows (669ffae7cc0ba6c38c0883c85f2ae018)] -> id: signInContinueButton]<---------> has been clicked<br><br/>
Current URL is : https://secure.bankofamerica.com/digital-mortgage-application/mortgage/#bac-sign-in<br><br/>
[[ChromeDriver: chrome on windows (669ffae7cc0ba6c38c0883c85f2ae018)] -> xpath: //span[text()='Your information']]<---------> is Displayed, false<br><br/>
Sleeping ... zZz 3<br><br/>
Sleeping ... zZz 2<br><br/>
[[ChromeDriver: chrome on windows (669ffae7cc0ba6c38c0883c85f2ae018)] -> xpath: //input[@class='first-name-field spa-input-text']] ---> We can Enter : 32 Character in the field which was similar with the Expected as: 32<br><br/>
The Text from the [[ChromeDriver: chrome on windows (669ffae7cc0ba6c38c0883c85f2ae018)] -> xpath: //input[@class='first-name-field spa-input-text']] ---> is cleared<br><br/>
Sleeping ... zZz 2<br><br/>
Dilshad <-----> has been put into <-----> [[ChromeDriver: chrome on windows (669ffae7cc0ba6c38c0883c85f2ae018)] -> xpath: //input[@class='first-name-field spa-input-text']] and then clicked by Tab Key<br><br/>
Sleeping ... zZz 2<br><br/>
DAZ <-----> has been put into <-----> [[ChromeDriver: chrome on windows (669ffae7cc0ba6c38c0883c85f2ae018)] -> id: middleName] and then clicked by Tab Key<br><br/>
Sleeping ... zZz 3<br><br/>
Zannat <-----> has been put into <-----> [[ChromeDriver: chrome on windows (669ffae7cc0ba6c38c0883c85f2ae018)] -> id: lastName] and then clicked by Tab Key<br><br/>
Sleeping ... zZz 3<br><br/>
[[ChromeDriver: chrome on windows (669ffae7cc0ba6c38c0883c85f2ae018)] -> id: suffix]<---------> has been clicked<br><br/>
[[ChromeDriver: chrome on windows (669ffae7cc0ba6c38c0883c85f2ae018)] -> xpath: //option[text()='Sr']]<---------> has been clicked<br><br/>
Sleeping ... zZz 2<br><br/>
[[ChromeDriver: chrome on windows (669ffae7cc0ba6c38c0883c85f2ae018)] -> id: phoneNumber]<---------> has been clicked<br><br/>
[[ChromeDriver: chrome on windows (669ffae7cc0ba6c38c0883c85f2ae018)] -> id: phoneType]<---------> has been clicked<br><br/>
[[ChromeDriver: chrome on windows (669ffae7cc0ba6c38c0883c85f2ae018)] -> xpath: //option[text()='Mobile']]<---------> has been clicked<br><br/>
Sleeping ... zZz 3<br><br/>
shshsh@gmail.com <-----> has been put into <-----> [[ChromeDriver: chrome on windows (669ffae7cc0ba6c38c0883c85f2ae018)] -> id: email] and then clicked by Tab Key<br><br/>
Sleeping ... zZz 2<br><br/>
45 Southwest 9th Street <-----> has been put into <-----> [[ChromeDriver: chrome on windows (669ffae7cc0ba6c38c0883c85f2ae018)] -> id: locationField]<br><br/>
Sleeping ... zZz 2<br><br/>
</div>
</td>
<td><div><pre>org.openqa.selenium.ElementNotInteractableException: element not interactable
  (Session info: chrome=120.0.6099.130)
Build info: version: &apos;4.15.0&apos;, revision: &apos;1d14b5521b&apos;
System info: os.name: &apos;Windows 11&apos;, os.arch: &apos;amd64&apos;, os.version: &apos;10.0&apos;, java.version: &apos;11.0.17&apos;
Driver info: org.openqa.selenium.chrome.ChromeDriver
Command: [669ffae7cc0ba6c38c0883c85f2ae018, sendKeysToElement {id=A808B6238DE6DF508DA13AB39BE78F12_element_14850, value=[Ljava.lang.CharSequence;@7d199c68}]
Capabilities {acceptInsecureCerts: false, browserName: chrome, browserVersion: 120.0.6099.130, chrome: {chromedriverVersion: 119.0.6045.159 (eaa767197fa..., userDataDir: C:\Users\Asus\AppData\Local...}, fedcm:accounts: true, goog:chromeOptions: {debuggerAddress: localhost:53436}, networkConnectionEnabled: false, pageLoadStrategy: normal, platformName: windows, proxy: Proxy(), se:cdp: ws://localhost:53436/devtoo..., se:cdpVersion: 120.0.6099.130, setWindowRect: true, strictFileInteractability: false, timeouts: {implicit: 0, pageLoad: 300000, script: 30000}, unhandledPromptBehavior: dismiss and notify, webauthn:extension:credBlob: true, webauthn:extension:largeBlob: true, webauthn:extension:minPinLength: true, webauthn:extension:prf: true, webauthn:virtualAuthenticators: true}
Element: [[ChromeDriver: chrome on windows (669ffae7cc0ba6c38c0883c85f2ae018)] -&gt; id: streetNumber]
Session ID: 669ffae7cc0ba6c38c0883c85f2ae018
	at java.base/jdk.internal.reflect.NativeConstructorAccessorImpl.newInstance0(Native Method)
	at java.base/jdk.internal.reflect.NativeConstructorAccessorImpl.newInstance(NativeConstructorAccessorImpl.java:62)
	at java.base/jdk.internal.reflect.DelegatingConstructorAccessorImpl.newInstance(DelegatingConstructorAccessorImpl.java:45)
	at java.base/java.lang.reflect.Constructor.newInstance(Constructor.java:490)
	at org.openqa.selenium.remote.codec.w3c.W3CHttpResponseCodec.createException(W3CHttpResponseCodec.java:200)
	at org.openqa.selenium.remote.codec.w3c.W3CHttpResponseCodec.decode(W3CHttpResponseCodec.java:133)
	at org.openqa.selenium.remote.codec.w3c.W3CHttpResponseCodec.decode(W3CHttpResponseCodec.java:52)
	at org.openqa.selenium.remote.HttpCommandExecutor.execute(HttpCommandExecutor.java:191)
	at org.openqa.selenium.remote.service.DriverCommandExecutor.invokeExecute(DriverCommandExecutor.java:200)
	at org.openqa.selenium.remote.service.DriverCommandExecutor.execute(DriverCommandExecutor.java:175)
	at org.openqa.selenium.remote.RemoteWebDriver.execute(RemoteWebDriver.java:607)
	at org.openqa.selenium.remote.RemoteWebElement.execute(RemoteWebElement.java:224)
	at org.openqa.selenium.remote.RemoteWebElement.sendKeys(RemoteWebElement.java:111)
	at java.base/jdk.internal.reflect.NativeMethodAccessorImpl.invoke0(Native Method)
	at java.base/jdk.internal.reflect.NativeMethodAccessorImpl.invoke(NativeMethodAccessorImpl.java:62)
	at java.base/jdk.internal.reflect.DelegatingMethodAccessorImpl.invoke(DelegatingMethodAccessorImpl.java:43)
	at java.base/java.lang.reflect.Method.invoke(Method.java:566)
	at org.openqa.selenium.support.pagefactory.internal.LocatingElementHandler.invoke(LocatingElementHandler.java:51)
	at com.sun.proxy.$Proxy19.sendKeys(Unknown Source)
	at common.CommonActions.inputTextThenClickTab(CommonActions.java:74)
	at pages.HomeLoans.firstNameValidation(HomeLoans.java:204)
	at pages.HomeLoansTest.homeLoanValidationTest(HomeLoansTest.java:11)
	at java.base/jdk.internal.reflect.NativeMethodAccessorImpl.invoke0(Native Method)
	at java.base/jdk.internal.reflect.NativeMethodAccessorImpl.invoke(NativeMethodAccessorImpl.java:62)
	at java.base/jdk.internal.reflect.DelegatingMethodAccessorImpl.invoke(DelegatingMethodAccessorImpl.java:43)
	at java.base/java.lang.reflect.Method.invoke(Method.java:566)
	at org.testng.internal.invokers.MethodInvocationHelper.invokeMethod(MethodInvocationHelper.java:139)
	at org.testng.internal.invokers.TestInvoker.invokeMethod(TestInvoker.java:664)
	at org.testng.internal.invokers.TestInvoker.invokeTestMethod(TestInvoker.java:227)
	at org.testng.internal.invokers.MethodRunner.runInSequence(MethodRunner.java:50)
	at org.testng.internal.invokers.TestInvoker$MethodInvocationAgent.invoke(TestInvoker.java:957)
	at org.testng.internal.invokers.TestInvoker.invokeTestMethods(TestInvoker.java:200)
	at org.testng.internal.invokers.TestMethodWorker.invokeTestMethods(TestMethodWorker.java:148)
	at org.testng.internal.invokers.TestMethodWorker.run(TestMethodWorker.java:128)
	at java.base/java.util.ArrayList.forEach(ArrayList.java:1541)
	at org.testng.TestRunner.privateRun(TestRunner.java:848)
	at org.testng.TestRunner.run(TestRunner.java:621)
	at org.testng.SuiteRunner.runTest(SuiteRunner.java:443)
	at org.testng.SuiteRunner.runSequentially(SuiteRunner.java:437)
	at org.testng.SuiteRunner.privateRun(SuiteRunner.java:397)
	at org.testng.SuiteRunner.run(SuiteRunner.java:336)
	at org.testng.SuiteRunnerWorker.runSuite(SuiteRunnerWorker.java:52)
	at org.testng.SuiteRunnerWorker.run(SuiteRunnerWorker.java:95)
	at org.testng.TestNG.runSuitesSequentially(TestNG.java:1280)
	at org.testng.TestNG.runSuitesLocally(TestNG.java:1200)
	at org.testng.TestNG.runSuites(TestNG.java:1114)
	at org.testng.TestNG.run(TestNG.java:1082)
	at org.testng.remote.AbstractRemoteTestNG.run(AbstractRemoteTestNG.java:115)
	at org.testng.remote.RemoteTestNG.initAndRun(RemoteTestNG.java:251)
	at org.testng.remote.RemoteTestNG.main(RemoteTestNG.java:77)
</pre></div><a href='#' onClick='toggleBox("stack-trace1907178890", this, "Click to show all stack frames", "Click to hide stack frames")'>Click to show all stack frames</a>
<div class='stack-trace' id='stack-trace1907178890'><pre>org.openqa.selenium.ElementNotInteractableException: element not interactable
  (Session info: chrome=120.0.6099.130)
Build info: version: &apos;4.15.0&apos;, revision: &apos;1d14b5521b&apos;
System info: os.name: &apos;Windows 11&apos;, os.arch: &apos;amd64&apos;, os.version: &apos;10.0&apos;, java.version: &apos;11.0.17&apos;
Driver info: org.openqa.selenium.chrome.ChromeDriver
Command: [669ffae7cc0ba6c38c0883c85f2ae018, sendKeysToElement {id=A808B6238DE6DF508DA13AB39BE78F12_element_14850, value=[Ljava.lang.CharSequence;@7d199c68}]
Capabilities {acceptInsecureCerts: false, browserName: chrome, browserVersion: 120.0.6099.130, chrome: {chromedriverVersion: 119.0.6045.159 (eaa767197fa..., userDataDir: C:\Users\Asus\AppData\Local...}, fedcm:accounts: true, goog:chromeOptions: {debuggerAddress: localhost:53436}, networkConnectionEnabled: false, pageLoadStrategy: normal, platformName: windows, proxy: Proxy(), se:cdp: ws://localhost:53436/devtoo..., se:cdpVersion: 120.0.6099.130, setWindowRect: true, strictFileInteractability: false, timeouts: {implicit: 0, pageLoad: 300000, script: 30000}, unhandledPromptBehavior: dismiss and notify, webauthn:extension:credBlob: true, webauthn:extension:largeBlob: true, webauthn:extension:minPinLength: true, webauthn:extension:prf: true, webauthn:virtualAuthenticators: true}
Element: [[ChromeDriver: chrome on windows (669ffae7cc0ba6c38c0883c85f2ae018)] -&gt; id: streetNumber]
Session ID: 669ffae7cc0ba6c38c0883c85f2ae018
	at java.base/jdk.internal.reflect.NativeConstructorAccessorImpl.newInstance0(Native Method)
	at java.base/jdk.internal.reflect.NativeConstructorAccessorImpl.newInstance(NativeConstructorAccessorImpl.java:62)
	at java.base/jdk.internal.reflect.DelegatingConstructorAccessorImpl.newInstance(DelegatingConstructorAccessorImpl.java:45)
	at java.base/java.lang.reflect.Constructor.newInstance(Constructor.java:490)
	at org.openqa.selenium.remote.codec.w3c.W3CHttpResponseCodec.createException(W3CHttpResponseCodec.java:200)
	at org.openqa.selenium.remote.codec.w3c.W3CHttpResponseCodec.decode(W3CHttpResponseCodec.java:133)
	at org.openqa.selenium.remote.codec.w3c.W3CHttpResponseCodec.decode(W3CHttpResponseCodec.java:52)
	at org.openqa.selenium.remote.HttpCommandExecutor.execute(HttpCommandExecutor.java:191)
	at org.openqa.selenium.remote.service.DriverCommandExecutor.invokeExecute(DriverCommandExecutor.java:200)
	at org.openqa.selenium.remote.service.DriverCommandExecutor.execute(DriverCommandExecutor.java:175)
	at org.openqa.selenium.remote.RemoteWebDriver.execute(RemoteWebDriver.java:607)
	at org.openqa.selenium.remote.RemoteWebElement.execute(RemoteWebElement.java:224)
	at org.openqa.selenium.remote.RemoteWebElement.sendKeys(RemoteWebElement.java:111)
	at java.base/jdk.internal.reflect.NativeMethodAccessorImpl.invoke0(Native Method)
	at java.base/jdk.internal.reflect.NativeMethodAccessorImpl.invoke(NativeMethodAccessorImpl.java:62)
	at java.base/jdk.internal.reflect.DelegatingMethodAccessorImpl.invoke(DelegatingMethodAccessorImpl.java:43)
	at java.base/java.lang.reflect.Method.invoke(Method.java:566)
	at org.openqa.selenium.support.pagefactory.internal.LocatingElementHandler.invoke(LocatingElementHandler.java:51)
	at com.sun.proxy.$Proxy19.sendKeys(Unknown Source)
	at common.CommonActions.inputTextThenClickTab(CommonActions.java:74)
	at pages.HomeLoans.firstNameValidation(HomeLoans.java:204)
	at pages.HomeLoansTest.homeLoanValidationTest(HomeLoansTest.java:11)
	at java.base/jdk.internal.reflect.NativeMethodAccessorImpl.invoke0(Native Method)
	at java.base/jdk.internal.reflect.NativeMethodAccessorImpl.invoke(NativeMethodAccessorImpl.java:62)
	at java.base/jdk.internal.reflect.DelegatingMethodAccessorImpl.invoke(DelegatingMethodAccessorImpl.java:43)
	at java.base/java.lang.reflect.Method.invoke(Method.java:566)
	at org.testng.internal.invokers.MethodInvocationHelper.invokeMethod(MethodInvocationHelper.java:139)
	at org.testng.internal.invokers.TestInvoker.invokeMethod(TestInvoker.java:664)
	at org.testng.internal.invokers.TestInvoker.invokeTestMethod(TestInvoker.java:227)
	at org.testng.internal.invokers.MethodRunner.runInSequence(MethodRunner.java:50)
	at org.testng.internal.invokers.TestInvoker$MethodInvocationAgent.invoke(TestInvoker.java:957)
	at org.testng.internal.invokers.TestInvoker.invokeTestMethods(TestInvoker.java:200)
	at org.testng.internal.invokers.TestMethodWorker.invokeTestMethods(TestMethodWorker.java:148)
	at org.testng.internal.invokers.TestMethodWorker.run(TestMethodWorker.java:128)
	at java.base/java.util.ArrayList.forEach(ArrayList.java:1541)
	at org.testng.TestRunner.privateRun(TestRunner.java:848)
	at org.testng.TestRunner.run(TestRunner.java:621)
	at org.testng.SuiteRunner.runTest(SuiteRunner.java:443)
	at org.testng.SuiteRunner.runSequentially(SuiteRunner.java:437)
	at org.testng.SuiteRunner.privateRun(SuiteRunner.java:397)
	at org.testng.SuiteRunner.run(SuiteRunner.java:336)
	at org.testng.SuiteRunnerWorker.runSuite(SuiteRunnerWorker.java:52)
	at org.testng.SuiteRunnerWorker.run(SuiteRunnerWorker.java:95)
	at org.testng.TestNG.runSuitesSequentially(TestNG.java:1280)
	at org.testng.TestNG.runSuitesLocally(TestNG.java:1200)
	at org.testng.TestNG.runSuites(TestNG.java:1114)
	at org.testng.TestNG.run(TestNG.java:1082)
	at org.testng.remote.AbstractRemoteTestNG.run(AbstractRemoteTestNG.java:115)
	at org.testng.remote.RemoteTestNG.initAndRun(RemoteTestNG.java:251)
	at org.testng.remote.RemoteTestNG.main(RemoteTestNG.java:77)
</pre></div></td>
<td>110</td>
<td>pages.HomeLoansTest@19932c16</td></tr>
</table><p>
</body>
</html>