<?xml version="1.0" encoding="UTF-8"?>
<!-- Generated by org.testng.reporters.JUnitReportReporter -->
<testsuite hostname="DESKTOP-9LMV1LJ" failures="1" tests="5" name="pages.HomePageTest" time="54.670" errors="0" timestamp="2023-12-29T09:21:42 EST" skipped="4">
  <testcase classname="pages.HomePageTest" name="homeLoanValidation" time="54.670">
    <failure message="null" type="java.lang.AssertionError">
      <![CDATA[java.lang.AssertionError: null
at org.testng.Assert.fail(Assert.java:111)
at org.testng.Assert.fail(Assert.java:116)
at common.CommonActions.clickElement(CommonActions.java:108)
at pages.HomePage.homeLoanValidation(HomePage.java:116)
at pages.HomePageTest.homeLoanValidation(HomePageTest.java:37)
at java.base/jdk.internal.reflect.NativeMethodAccessorImpl.invoke0(Native Method)
at java.base/jdk.internal.reflect.NativeMethodAccessorImpl.invoke(NativeMethodAccessorImpl.java:62)
at java.base/jdk.internal.reflect.DelegatingMethodAccessorImpl.invoke(DelegatingMethodAccessorImpl.java:43)
at java.base/java.lang.reflect.Method.invoke(Method.java:566)
at org.testng.internal.invokers.MethodInvocationHelper.invokeMethod(MethodInvocationHelper.java:139)
at org.testng.internal.invokers.TestInvoker.invokeMethod(TestInvoker.java:664)
at org.testng.internal.invokers.TestInvoker.invokeTestMethod(TestInvoker.java:227)
at org.testng.internal.invokers.MethodRunner.runInSequence(MethodRunner.java:50)
at org.testng.internal.invokers.TestInvoker$MethodInvocationAgent.invoke(TestInvoker.java:957)
at org.testng.internal.invokers.TestInvoker.invokeTestMethods(TestInvoker.java:200)
at org.testng.internal.invokers.TestMethodWorker.invokeTestMethods(TestMethodWorker.java:148)
at org.testng.internal.invokers.TestMethodWorker.run(TestMethodWorker.java:128)
at java.base/java.util.ArrayList.forEach(ArrayList.java:1541)
at org.testng.TestRunner.privateRun(TestRunner.java:848)
at org.testng.TestRunner.run(TestRunner.java:621)
at org.testng.SuiteRunner.runTest(SuiteRunner.java:443)
at org.testng.SuiteRunner.runSequentially(SuiteRunner.java:437)
at org.testng.SuiteRunner.privateRun(SuiteRunner.java:397)
at org.testng.SuiteRunner.run(SuiteRunner.java:336)
at org.testng.SuiteRunnerWorker.runSuite(SuiteRunnerWorker.java:52)
at org.testng.SuiteRunnerWorker.run(SuiteRunnerWorker.java:95)
at org.testng.TestNG.runSuitesSequentially(TestNG.java:1280)
at org.testng.TestNG.runSuitesLocally(TestNG.java:1200)
at org.testng.TestNG.runSuites(TestNG.java:1114)
at org.testng.TestNG.run(TestNG.java:1082)
at org.testng.remote.AbstractRemoteTestNG.run(AbstractRemoteTestNG.java:115)
at org.testng.remote.RemoteTestNG.initAndRun(RemoteTestNG.java:251)
at org.testng.remote.RemoteTestNG.main(RemoteTestNG.java:77)
]]>
    </failure>
    <system-out>
      <![CDATA[Sleeping ... zZz 3<br>
[[ChromeDriver: chrome on windows (ef48cc89ccd62569c5f18f1e1a18c1a4)] -> xpath: //span[text()='Home Loans']//parent::a[@id='navHomeLoans']]<---------> has been clicked<br>
[[ChromeDriver: chrome on windows (ef48cc89ccd62569c5f18f1e1a18c1a4)] -> xpath: //span[text()='Explore home loans']] ---> Actual text : Explore home loans. Expected text : Explore home loans<br>
[[ChromeDriver: chrome on windows (ef48cc89ccd62569c5f18f1e1a18c1a4)] -> link text: Mortgage]<---------> has been clicked<br>
Current URL is : https://www.bankofamerica.com/mortgage/home-mortgage/<br>
Sleeping ... zZz 3<br>
[[ChromeDriver: chrome on windows (ef48cc89ccd62569c5f18f1e1a18c1a4)] -> xpath: //h1[text()='Home Mortgage Loans']] ---> Actual Header : Home Mortgage Loans. Expected Header : Home Mortgage Loans<br>
[[ChromeDriver: chrome on windows (ef48cc89ccd62569c5f18f1e1a18c1a4)] -> xpath: //h2[text()='The perfect home starts with the right mortgage']] ---> Actual Sub Header : The perfect home starts with the right mortgage. Expected SubHeader : The perfect home starts with the right mortgage<br>
Sleeping ... zZz 3<br>
Proxy element for: DefaultElementLocator 'By.linkText: Apply now'<----------> has not been found
no such element: Unable to locate element: {"method":"link text","selector":"Apply now"}
  (Session info: chrome=120.0.6099.130)
For documentation on this error, please visit: https://www.selenium.dev/documentation/webdriver/troubleshooting/errors#no-such-element-exception
Build info: version: '4.15.0', revision: '1d14b5521b'
System info: os.name: 'Windows 11', os.arch: 'amd64', os.version: '10.0', java.version: '11.0.17'
Driver info: org.openqa.selenium.chrome.ChromeDriver
Command: [ef48cc89ccd62569c5f18f1e1a18c1a4, findElement {using=link text, value=Apply now}]
Capabilities {acceptInsecureCerts: false, browserName: chrome, browserVersion: 120.0.6099.130, chrome: {chromedriverVersion: 119.0.6045.159 (eaa767197fa..., userDataDir: C:\Users\Asus\AppData\Local...}, fedcm:accounts: true, goog:chromeOptions: {debuggerAddress: localhost:64124}, networkConnectionEnabled: false, pageLoadStrategy: normal, platformName: windows, proxy: Proxy(), se:cdp: ws://localhost:64124/devtoo..., se:cdpVersion: 120.0.6099.130, setWindowRect: true, strictFileInteractability: false, timeouts: {implicit: 0, pageLoad: 300000, script: 30000}, unhandledPromptBehavior: dismiss and notify, webauthn:extension:credBlob: true, webauthn:extension:largeBlob: true, webauthn:extension:minPinLength: true, webauthn:extension:prf: true, webauthn:virtualAuthenticators: true}
Session ID: ef48cc89ccd62569c5f18f1e1a18c1a4<br>]]>
    </system-out>
  </testcase> <!-- homeLoanValidation -->
  <testcase classname="pages.HomePageTest" name="homePageLandingTest">
    <skipped/>
  </testcase> <!-- homePageLandingTest -->
  <testcase classname="pages.HomePageTest" name="logInValidation">
    <skipped/>
  </testcase> <!-- logInValidation -->
  <testcase classname="pages.HomePageTest" name="aboutUsValidationTest">
    <skipped/>
  </testcase> <!-- aboutUsValidationTest -->
  <testcase classname="pages.HomePageTest" name="wealthManagementValidationTest">
    <skipped/>
  </testcase> <!-- wealthManagementValidationTest -->
  <system-out>
    <![CDATA[Sleeping ... zZz 3<br>
[[ChromeDriver: chrome on windows (ef48cc89ccd62569c5f18f1e1a18c1a4)] -> xpath: //span[text()='Home Loans']//parent::a[@id='navHomeLoans']]<---------> has been clicked<br>
[[ChromeDriver: chrome on windows (ef48cc89ccd62569c5f18f1e1a18c1a4)] -> xpath: //span[text()='Explore home loans']] ---> Actual text : Explore home loans. Expected text : Explore home loans<br>
[[ChromeDriver: chrome on windows (ef48cc89ccd62569c5f18f1e1a18c1a4)] -> link text: Mortgage]<---------> has been clicked<br>
Current URL is : https://www.bankofamerica.com/mortgage/home-mortgage/<br>
Sleeping ... zZz 3<br>
[[ChromeDriver: chrome on windows (ef48cc89ccd62569c5f18f1e1a18c1a4)] -> xpath: //h1[text()='Home Mortgage Loans']] ---> Actual Header : Home Mortgage Loans. Expected Header : Home Mortgage Loans<br>
[[ChromeDriver: chrome on windows (ef48cc89ccd62569c5f18f1e1a18c1a4)] -> xpath: //h2[text()='The perfect home starts with the right mortgage']] ---> Actual Sub Header : The perfect home starts with the right mortgage. Expected SubHeader : The perfect home starts with the right mortgage<br>
Sleeping ... zZz 3<br>
Proxy element for: DefaultElementLocator 'By.linkText: Apply now'<----------> has not been found
no such element: Unable to locate element: {"method":"link text","selector":"Apply now"}
  (Session info: chrome=120.0.6099.130)
For documentation on this error, please visit: https://www.selenium.dev/documentation/webdriver/troubleshooting/errors#no-such-element-exception
Build info: version: '4.15.0', revision: '1d14b5521b'
System info: os.name: 'Windows 11', os.arch: 'amd64', os.version: '10.0', java.version: '11.0.17'
Driver info: org.openqa.selenium.chrome.ChromeDriver
Command: [ef48cc89ccd62569c5f18f1e1a18c1a4, findElement {using=link text, value=Apply now}]
Capabilities {acceptInsecureCerts: false, browserName: chrome, browserVersion: 120.0.6099.130, chrome: {chromedriverVersion: 119.0.6045.159 (eaa767197fa..., userDataDir: C:\Users\Asus\AppData\Local...}, fedcm:accounts: true, goog:chromeOptions: {debuggerAddress: localhost:64124}, networkConnectionEnabled: false, pageLoadStrategy: normal, platformName: windows, proxy: Proxy(), se:cdp: ws://localhost:64124/devtoo..., se:cdpVersion: 120.0.6099.130, setWindowRect: true, strictFileInteractability: false, timeouts: {implicit: 0, pageLoad: 300000, script: 30000}, unhandledPromptBehavior: dismiss and notify, webauthn:extension:credBlob: true, webauthn:extension:largeBlob: true, webauthn:extension:minPinLength: true, webauthn:extension:prf: true, webauthn:virtualAuthenticators: true}
Session ID: ef48cc89ccd62569c5f18f1e1a18c1a4<br>]]>
  </system-out>
</testsuite> <!-- pages.HomePageTest -->
